FILE_TYPE=LIBRARY_PARTS;
PRIMITIVE 'HTSW_102_09_G_S','HTSW_102_09_G_S_Other';
  PIN
    '1':
      PIN_NUMBER='(1)';
      NO_LOAD_CHECK=BOTH;
      NO_IO_CHECK=BOTH;
      ALLOW_CONNECT=TRUE;
      PINUSE='UNSPEC';
    '2':
      PIN_NUMBER='(2)';
      NO_LOAD_CHECK=BOTH;
      NO_IO_CHECK=BOTH;
      ALLOW_CONNECT=TRUE;
      PINUSE='UNSPEC';
  END_PIN;
  BODY
    PART_NAME='HTSW_102_09_G_S';
    PHYS_DES_PREFIX='J';
    NO_LOAD_CHECK='TRUE';
    PIN_COUNT='2';
    BODY_NAME='HTSW_102_09_G_S';
    JEDEC_TYPE='HTSW10209GS';
  END_BODY;
END_PRIMITIVE;
END.
